2025-07-31 01:13:10,481 - INFO -  * Restarting with stat
2025-07-31 01:13:14,647 - WARNING -  * Debugger is active!
2025-07-31 01:13:14,680 - INFO -  * Debugger PIN: 101-589-293
2025-07-31 01:13:20,896 - INFO - 127.0.0.1 - - [2025-07-31 01:13:20] "GET / HTTP/1.1" 200 25497 0.015700
2025-07-31 01:13:20,903 - INFO - 127.0.0.1 - - [2025-07-31 01:13:20] "GET /socket.io/?EIO=4&transport=polling&t=PXSKllT HTTP/1.1" 200 254 0.005076
2025-07-31 01:13:21,011 - INFO - Connected to drone
2025-07-31 01:13:21,012 - INFO - 127.0.0.1 - - [2025-07-31 01:13:21] "GET /socket.io/?EIO=4&transport=polling&t=PXSKmCI&sid=SBLrWV6yEULPdWSSAAAA HTTP/1.1" 200 157 0.007582
2025-07-31 01:13:22,015 - WARNING - GPS fix type 1 is not valid (need >= 2)
2025-07-31 01:13:22,127 - WARNING - GPS fix type 1 is not valid (need >= 2)
2025-07-31 01:13:22,247 - WARNING - GPS fix type 1 is not valid (need >= 2)
2025-07-31 01:13:22,353 - WARNING - GPS fix type 1 is not valid (need >= 2)
2025-07-31 01:13:22,460 - WARNING - GPS fix type 1 is not valid (need >= 2)
2025-07-31 01:13:22,571 - WARNING - GPS fix type 1 is not valid (need >= 2)
2025-07-31 01:13:22,677 - WARNING - GPS fix type 1 is not valid (need >= 2)
2025-07-31 01:13:22,779 - WARNING - GPS fix type 1 is not valid (need >= 2)
2025-07-31 01:13:22,885 - WARNING - GPS fix type 1 is not valid (need >= 2)
2025-07-31 01:13:22,993 - WARNING - GPS fix type 1 is not valid (need >= 2)
2025-07-31 01:13:23,097 - WARNING - GPS fix type 1 is not valid (need >= 2)
2025-07-31 01:13:23,203 - WARNING - GPS fix type 1 is not valid (need >= 2)
2025-07-31 01:13:23,309 - WARNING - GPS fix type 1 is not valid (need >= 2)
2025-07-31 01:13:23,418 - WARNING - GPS fix type 1 is not valid (need >= 2)
2025-07-31 01:13:23,523 - WARNING - GPS fix type 1 is not valid (need >= 2)
2025-07-31 01:13:23,628 - WARNING - GPS fix type 1 is not valid (need >= 2)
2025-07-31 01:13:23,735 - WARNING - GPS fix type 1 is not valid (need >= 2)
2025-07-31 01:13:23,839 - WARNING - GPS fix type 1 is not valid (need >= 2)
2025-07-31 01:13:23,943 - WARNING - GPS fix type 1 is not valid (need >= 2)
2025-07-31 01:13:24,047 - WARNING - GPS fix type 1 is not valid (need >= 2)
2025-07-31 01:13:26,321 - WARNING - No valid GPS data received after trying multiple message types
2025-07-31 01:13:26,321 - INFO - Battery level: -1%
2025-07-31 01:13:26,322 - INFO - 127.0.0.1 - - [2025-07-31 01:13:26] "POST /socket.io/?EIO=4&transport=polling&t=PXSKmCH&sid=SBLrWV6yEULPdWSSAAAA HTTP/1.1" 200 195 5.402838
2025-07-31 01:13:41,670 - INFO - 127.0.0.1 - - [2025-07-31 01:13:41] "GET /drone-status HTTP/1.1" 200 49030 0.006836
2025-07-31 01:13:41,835 - INFO - 127.0.0.1 - - [2025-07-31 01:13:41] "GET /socket.io/?EIO=4&transport=polling&t=PXSKrIm HTTP/1.1" 200 254 0.005671
2025-07-31 01:13:41,934 - INFO - Connected to drone
2025-07-31 01:13:41,962 - INFO - 127.0.0.1 - - [2025-07-31 01:13:41] "GET /socket.io/?EIO=4&transport=polling&t=PXSKrJz&sid=C1p6nup0r1KmWMD5AAAC HTTP/1.1" 200 157 0.000359
2025-07-31 01:13:42,032 - INFO - 127.0.0.1 - - [2025-07-31 01:13:42] "GET /socket.io/?EIO=4&transport=polling&t=PXSKrMC&sid=C1p6nup0r1KmWMD5AAAC HTTP/1.1" 200 157 0.000221
2025-07-31 01:13:42,049 - INFO - 127.0.0.1 - - [2025-07-31 01:13:42] "GET /socket.io/?EIO=4&transport=polling&t=PXSKrMT&sid=C1p6nup0r1KmWMD5AAAC HTTP/1.1" 200 157 0.000338
2025-07-31 01:13:42,966 - WARNING - GPS fix type 1 is not valid (need >= 2)
2025-07-31 01:13:43,076 - WARNING - GPS fix type 1 is not valid (need >= 2)
2025-07-31 01:13:43,184 - WARNING - GPS fix type 1 is not valid (need >= 2)
2025-07-31 01:13:43,290 - WARNING - GPS fix type 1 is not valid (need >= 2)
2025-07-31 01:13:43,397 - WARNING - GPS fix type 1 is not valid (need >= 2)
2025-07-31 01:13:43,511 - WARNING - GPS fix type 1 is not valid (need >= 2)
2025-07-31 01:13:43,613 - WARNING - GPS fix type 1 is not valid (need >= 2)
2025-07-31 01:13:43,719 - WARNING - GPS fix type 1 is not valid (need >= 2)
2025-07-31 01:13:43,823 - WARNING - GPS fix type 1 is not valid (need >= 2)
2025-07-31 01:13:43,928 - WARNING - GPS fix type 1 is not valid (need >= 2)
2025-07-31 01:13:44,032 - WARNING - GPS fix type 1 is not valid (need >= 2)
2025-07-31 01:13:44,137 - WARNING - GPS fix type 1 is not valid (need >= 2)
2025-07-31 01:13:44,244 - WARNING - GPS fix type 1 is not valid (need >= 2)
2025-07-31 01:13:44,355 - WARNING - GPS fix type 1 is not valid (need >= 2)
2025-07-31 01:13:44,479 - WARNING - GPS fix type 1 is not valid (need >= 2)
2025-07-31 01:13:44,587 - WARNING - GPS fix type 1 is not valid (need >= 2)
2025-07-31 01:13:44,690 - WARNING - GPS fix type 1 is not valid (need >= 2)
2025-07-31 01:13:44,823 - WARNING - GPS fix type 1 is not valid (need >= 2)
2025-07-31 01:13:44,930 - WARNING - GPS fix type 1 is not valid (need >= 2)
2025-07-31 01:13:45,037 - WARNING - GPS fix type 1 is not valid (need >= 2)
2025-07-31 01:13:47,719 - WARNING - No valid GPS data received after trying multiple message types
2025-07-31 01:13:47,720 - INFO - Battery level: -1%
2025-07-31 01:13:47,725 - INFO - 127.0.0.1 - - [2025-07-31 01:13:47] "POST /socket.io/?EIO=4&transport=polling&t=PXSKrJy&sid=C1p6nup0r1KmWMD5AAAC HTTP/1.1" 200 195 5.831420
2025-07-31 01:13:48,752 - WARNING - GPS fix type 1 is not valid (need >= 2)
2025-07-31 01:13:48,857 - WARNING - GPS fix type 1 is not valid (need >= 2)
2025-07-31 01:13:48,967 - WARNING - GPS fix type 1 is not valid (need >= 2)
2025-07-31 01:13:49,073 - WARNING - GPS fix type 1 is not valid (need >= 2)
2025-07-31 01:13:49,183 - WARNING - GPS fix type 1 is not valid (need >= 2)
2025-07-31 01:13:49,290 - WARNING - GPS fix type 1 is not valid (need >= 2)
2025-07-31 01:13:49,396 - WARNING - GPS fix type 1 is not valid (need >= 2)
2025-07-31 01:13:49,502 - WARNING - GPS fix type 1 is not valid (need >= 2)
2025-07-31 01:13:49,617 - WARNING - GPS fix type 1 is not valid (need >= 2)
2025-07-31 01:13:49,723 - WARNING - GPS fix type 1 is not valid (need >= 2)
2025-07-31 01:13:49,828 - WARNING - GPS fix type 1 is not valid (need >= 2)
2025-07-31 01:13:49,930 - WARNING - GPS fix type 1 is not valid (need >= 2)
2025-07-31 01:13:50,036 - WARNING - GPS fix type 1 is not valid (need >= 2)
2025-07-31 01:13:50,144 - WARNING - GPS fix type 1 is not valid (need >= 2)
2025-07-31 01:13:50,249 - WARNING - GPS fix type 1 is not valid (need >= 2)
2025-07-31 01:13:50,363 - WARNING - GPS fix type 1 is not valid (need >= 2)
2025-07-31 01:13:50,470 - WARNING - GPS fix type 1 is not valid (need >= 2)
2025-07-31 01:13:50,577 - WARNING - GPS fix type 1 is not valid (need >= 2)
2025-07-31 01:13:50,680 - WARNING - GPS fix type 1 is not valid (need >= 2)
2025-07-31 01:13:50,746 - WARNING - GPS fix type 1 is not valid (need >= 2)
2025-07-31 01:13:50,785 - WARNING - GPS fix type 1 is not valid (need >= 2)
2025-07-31 01:13:50,849 - WARNING - GPS fix type 1 is not valid (need >= 2)
2025-07-31 01:13:50,955 - WARNING - GPS fix type 1 is not valid (need >= 2)
2025-07-31 01:13:51,061 - WARNING - GPS fix type 1 is not valid (need >= 2)
2025-07-31 01:13:51,176 - WARNING - GPS fix type 1 is not valid (need >= 2)
2025-07-31 01:13:51,279 - WARNING - GPS fix type 1 is not valid (need >= 2)
2025-07-31 01:13:51,383 - WARNING - GPS fix type 1 is not valid (need >= 2)
2025-07-31 01:13:51,491 - WARNING - GPS fix type 1 is not valid (need >= 2)
2025-07-31 01:13:51,599 - WARNING - GPS fix type 1 is not valid (need >= 2)
2025-07-31 01:13:51,704 - WARNING - GPS fix type 1 is not valid (need >= 2)
2025-07-31 01:13:52,014 - WARNING - GPS fix type 1 is not valid (need >= 2)
2025-07-31 01:13:52,117 - WARNING - GPS fix type 1 is not valid (need >= 2)
2025-07-31 01:13:52,273 - WARNING - GPS fix type 1 is not valid (need >= 2)
2025-07-31 01:13:52,375 - WARNING - GPS fix type 1 is not valid (need >= 2)
2025-07-31 01:13:52,480 - WARNING - GPS fix type 1 is not valid (need >= 2)
2025-07-31 01:13:52,583 - WARNING - GPS fix type 1 is not valid (need >= 2)
2025-07-31 01:13:52,690 - WARNING - GPS fix type 1 is not valid (need >= 2)
2025-07-31 01:13:52,747 - WARNING - GPS fix type 1 is not valid (need >= 2)
2025-07-31 01:13:52,848 - WARNING - GPS fix type 1 is not valid (need >= 2)
2025-07-31 01:13:52,895 - ERROR - Error getting location: device reports readiness to read but returned no data (device disconnected or multiple access on port?)
2025-07-31 01:13:52,950 - WARNING - GPS fix type 1 is not valid (need >= 2)
2025-07-31 01:13:53,054 - WARNING - GPS fix type 1 is not valid (need >= 2)
2025-07-31 01:13:53,159 - WARNING - GPS fix type 1 is not valid (need >= 2)
2025-07-31 01:13:53,263 - WARNING - GPS fix type 1 is not valid (need >= 2)
2025-07-31 01:13:53,370 - WARNING - GPS fix type 1 is not valid (need >= 2)
2025-07-31 01:13:53,474 - WARNING - GPS fix type 1 is not valid (need >= 2)
2025-07-31 01:13:53,580 - WARNING - GPS fix type 1 is not valid (need >= 2)
2025-07-31 01:13:53,684 - WARNING - GPS fix type 1 is not valid (need >= 2)
2025-07-31 01:13:53,788 - WARNING - GPS fix type 1 is not valid (need >= 2)
2025-07-31 01:13:53,893 - WARNING - GPS fix type 1 is not valid (need >= 2)
2025-07-31 01:13:53,997 - WARNING - GPS fix type 1 is not valid (need >= 2)
2025-07-31 01:13:54,100 - WARNING - GPS fix type 1 is not valid (need >= 2)
2025-07-31 01:13:54,204 - WARNING - GPS fix type 1 is not valid (need >= 2)
2025-07-31 01:13:54,307 - WARNING - GPS fix type 1 is not valid (need >= 2)
2025-07-31 01:13:54,412 - WARNING - GPS fix type 1 is not valid (need >= 2)
2025-07-31 01:13:54,518 - WARNING - GPS fix type 1 is not valid (need >= 2)
2025-07-31 01:13:54,622 - WARNING - GPS fix type 1 is not valid (need >= 2)
2025-07-31 01:13:54,728 - WARNING - GPS fix type 1 is not valid (need >= 2)
2025-07-31 01:13:54,744 - WARNING - GPS fix type 1 is not valid (need >= 2)
2025-07-31 01:13:54,847 - WARNING - GPS fix type 1 is not valid (need >= 2)
2025-07-31 01:13:54,952 - WARNING - GPS fix type 1 is not valid (need >= 2)
2025-07-31 01:13:54,958 - WARNING - No valid GPS data received after trying multiple message types
2025-07-31 01:13:55,055 - WARNING - GPS fix type 1 is not valid (need >= 2)
2025-07-31 01:13:55,141 - WARNING - GPS fix type 1 is not valid (need >= 2)
2025-07-31 01:13:55,265 - WARNING - GPS fix type 1 is not valid (need >= 2)
2025-07-31 01:13:55,377 - ERROR - Error getting location: device reports readiness to read but returned no data (device disconnected or multiple access on port?)
2025-07-31 01:13:55,378 - ERROR - Error getting location: device reports readiness to read but returned no data (device disconnected or multiple access on port?)
2025-07-31 01:13:55,485 - WARNING - GPS fix type 1 is not valid (need >= 2)
2025-07-31 01:13:55,593 - WARNING - GPS fix type 1 is not valid (need >= 2)
2025-07-31 01:13:55,701 - WARNING - GPS fix type 1 is not valid (need >= 2)
2025-07-31 01:13:55,806 - WARNING - GPS fix type 1 is not valid (need >= 2)
2025-07-31 01:13:55,913 - WARNING - GPS fix type 1 is not valid (need >= 2)
2025-07-31 01:13:55,967 - WARNING - GPS fix type 1 is not valid (need >= 2)
2025-07-31 01:13:56,074 - WARNING - GPS fix type 1 is not valid (need >= 2)
2025-07-31 01:13:56,180 - WARNING - GPS fix type 1 is not valid (need >= 2)
2025-07-31 01:13:56,284 - WARNING - GPS fix type 1 is not valid (need >= 2)
2025-07-31 01:13:56,746 - WARNING - GPS fix type 1 is not valid (need >= 2)
2025-07-31 01:13:56,849 - WARNING - GPS fix type 1 is not valid (need >= 2)
2025-07-31 01:13:56,955 - WARNING - GPS fix type 1 is not valid (need >= 2)
2025-07-31 01:13:57,059 - WARNING - GPS fix type 1 is not valid (need >= 2)
2025-07-31 01:13:57,166 - WARNING - GPS fix type 1 is not valid (need >= 2)
2025-07-31 01:13:57,272 - WARNING - GPS fix type 1 is not valid (need >= 2)
2025-07-31 01:13:57,375 - WARNING - GPS fix type 1 is not valid (need >= 2)
2025-07-31 01:13:57,482 - WARNING - GPS fix type 1 is not valid (need >= 2)
2025-07-31 01:13:57,589 - WARNING - GPS fix type 1 is not valid (need >= 2)
2025-07-31 01:13:57,641 - WARNING - GPS fix type 1 is not valid (need >= 2)
2025-07-31 01:13:57,642 - ERROR - Error getting location: device reports readiness to read but returned no data (device disconnected or multiple access on port?)
2025-07-31 01:13:57,642 - WARNING - No battery data available, using default 100%
2025-07-31 01:13:57,642 - WARNING - No battery data available, using default 100%
2025-07-31 01:13:57,748 - WARNING - GPS fix type 1 is not valid (need >= 2)
2025-07-31 01:13:57,881 - WARNING - GPS fix type 1 is not valid (need >= 2)
2025-07-31 01:13:57,986 - WARNING - GPS fix type 1 is not valid (need >= 2)
2025-07-31 01:13:58,091 - WARNING - GPS fix type 1 is not valid (need >= 2)
2025-07-31 01:13:58,117 - WARNING - No valid GPS data received after trying multiple message types
2025-07-31 01:13:58,120 - WARNING - No battery data available, using default 100%
2025-07-31 01:13:58,121 - WARNING - No battery data available, using default 100%
2025-07-31 01:13:58,195 - WARNING - GPS fix type 1 is not valid (need >= 2)
2025-07-31 01:13:58,303 - WARNING - GPS fix type 1 is not valid (need >= 2)
2025-07-31 01:13:58,411 - WARNING - GPS fix type 1 is not valid (need >= 2)
2025-07-31 01:13:58,555 - ERROR - Error getting location: device reports readiness to read but returned no data (device disconnected or multiple access on port?)
2025-07-31 01:13:58,555 - ERROR - Error getting location: device reports readiness to read but returned no data (device disconnected or multiple access on port?)
2025-07-31 01:13:58,556 - WARNING - No battery data available, using default 100%
2025-07-31 01:13:58,556 - WARNING - No battery data available, using default 100%
2025-07-31 01:13:58,746 - WARNING - GPS fix type 1 is not valid (need >= 2)
2025-07-31 01:13:58,848 - WARNING - GPS fix type 1 is not valid (need >= 2)
2025-07-31 01:13:58,955 - WARNING - GPS fix type 1 is not valid (need >= 2)
2025-07-31 01:13:59,059 - WARNING - GPS fix type 1 is not valid (need >= 2)
2025-07-31 01:13:59,163 - WARNING - GPS fix type 1 is not valid (need >= 2)
2025-07-31 01:13:59,269 - WARNING - GPS fix type 1 is not valid (need >= 2)
2025-07-31 01:13:59,373 - WARNING - GPS fix type 1 is not valid (need >= 2)
2025-07-31 01:13:59,477 - WARNING - GPS fix type 1 is not valid (need >= 2)
2025-07-31 01:13:59,562 - WARNING - GPS fix type 1 is not valid (need >= 2)
2025-07-31 01:13:59,579 - ERROR - Error getting location: device reports readiness to read but returned no data (device disconnected or multiple access on port?)
2025-07-31 01:13:59,667 - WARNING - GPS fix type 1 is not valid (need >= 2)
2025-07-31 01:13:59,772 - WARNING - GPS fix type 1 is not valid (need >= 2)
2025-07-31 01:13:59,876 - WARNING - GPS fix type 1 is not valid (need >= 2)
2025-07-31 01:13:59,980 - WARNING - GPS fix type 1 is not valid (need >= 2)
2025-07-31 01:14:00,082 - WARNING - GPS fix type 1 is not valid (need >= 2)
2025-07-31 01:14:00,191 - WARNING - GPS fix type 1 is not valid (need >= 2)
2025-07-31 01:14:00,191 - WARNING - No valid GPS data received after trying multiple message types
2025-07-31 01:14:00,191 - WARNING - No battery data available, using default 100%
2025-07-31 01:14:00,191 - WARNING - No battery data available, using default 100%
2025-07-31 01:14:00,299 - WARNING - GPS fix type 1 is not valid (need >= 2)
2025-07-31 01:14:00,403 - WARNING - GPS fix type 1 is not valid (need >= 2)
2025-07-31 01:14:00,505 - WARNING - GPS fix type 1 is not valid (need >= 2)
2025-07-31 01:14:00,585 - WARNING - GPS fix type 1 is not valid (need >= 2)
2025-07-31 01:14:00,687 - WARNING - GPS fix type 1 is not valid (need >= 2)
2025-07-31 01:14:00,747 - WARNING - GPS fix type 1 is not valid (need >= 2)
2025-07-31 01:14:00,851 - WARNING - GPS fix type 1 is not valid (need >= 2)
2025-07-31 01:14:00,952 - WARNING - GPS fix type 1 is not valid (need >= 2)
2025-07-31 01:14:01,056 - WARNING - GPS fix type 1 is not valid (need >= 2)
2025-07-31 01:14:01,161 - WARNING - GPS fix type 1 is not valid (need >= 2)
2025-07-31 01:14:01,265 - WARNING - GPS fix type 1 is not valid (need >= 2)
2025-07-31 01:14:01,370 - WARNING - GPS fix type 1 is not valid (need >= 2)
2025-07-31 01:14:01,473 - WARNING - GPS fix type 1 is not valid (need >= 2)
2025-07-31 01:14:01,551 - WARNING - GPS fix type 1 is not valid (need >= 2)
2025-07-31 01:14:01,660 - WARNING - GPS fix type 1 is not valid (need >= 2)
2025-07-31 01:14:01,765 - WARNING - GPS fix type 1 is not valid (need >= 2)
2025-07-31 01:14:01,870 - WARNING - GPS fix type 1 is not valid (need >= 2)
2025-07-31 01:14:01,973 - WARNING - GPS fix type 1 is not valid (need >= 2)
2025-07-31 01:14:02,076 - WARNING - GPS fix type 1 is not valid (need >= 2)
2025-07-31 01:14:02,182 - WARNING - GPS fix type 1 is not valid (need >= 2)
2025-07-31 01:14:02,289 - WARNING - GPS fix type 1 is not valid (need >= 2)
2025-07-31 01:14:02,396 - WARNING - GPS fix type 1 is not valid (need >= 2)
2025-07-31 01:14:02,440 - WARNING - GPS fix type 1 is not valid (need >= 2)
2025-07-31 01:14:02,502 - ERROR - Error getting location: device reports readiness to read but returned no data (device disconnected or multiple access on port?)
2025-07-31 01:14:02,504 - WARNING - No battery data available, using default 100%
2025-07-31 01:14:02,504 - WARNING - No battery data available, using default 100%
2025-07-31 01:14:02,546 - WARNING - GPS fix type 1 is not valid (need >= 2)
2025-07-31 01:14:02,652 - WARNING - GPS fix type 1 is not valid (need >= 2)
2025-07-31 01:14:02,746 - WARNING - GPS fix type 1 is not valid (need >= 2)
2025-07-31 01:14:02,855 - WARNING - GPS fix type 1 is not valid (need >= 2)
2025-07-31 01:14:02,960 - WARNING - GPS fix type 1 is not valid (need >= 2)
2025-07-31 01:14:03,064 - WARNING - GPS fix type 1 is not valid (need >= 2)
2025-07-31 01:14:03,173 - WARNING - GPS fix type 1 is not valid (need >= 2)
2025-07-31 01:14:03,279 - WARNING - GPS fix type 1 is not valid (need >= 2)
2025-07-31 01:14:03,382 - WARNING - GPS fix type 1 is not valid (need >= 2)
2025-07-31 01:14:03,486 - WARNING - GPS fix type 1 is not valid (need >= 2)
2025-07-31 01:14:03,591 - WARNING - GPS fix type 1 is not valid (need >= 2)
2025-07-31 01:14:03,696 - WARNING - GPS fix type 1 is not valid (need >= 2)
2025-07-31 01:14:03,736 - WARNING - No valid GPS data received after trying multiple message types
2025-07-31 01:14:03,737 - INFO - Battery level: -1%
2025-07-31 01:14:03,738 - WARNING - No battery data available, using default 100%
2025-07-31 01:14:03,903 - WARNING - GPS fix type 1 is not valid (need >= 2)
2025-07-31 01:14:03,985 - INFO - 127.0.0.1 - - [2025-07-31 01:14:03] "GET /manage-hospitals HTTP/1.1" 200 24095 0.019835
2025-07-31 01:14:04,025 - WARNING - GPS fix type 1 is not valid (need >= 2)
2025-07-31 01:14:04,136 - WARNING - GPS fix type 1 is not valid (need >= 2)
2025-07-31 01:14:04,244 - WARNING - GPS fix type 1 is not valid (need >= 2)
2025-07-31 01:14:04,347 - WARNING - GPS fix type 1 is not valid (need >= 2)
2025-07-31 01:14:04,450 - WARNING - GPS fix type 1 is not valid (need >= 2)
2025-07-31 01:14:04,552 - WARNING - GPS fix type 1 is not valid (need >= 2)
2025-07-31 01:14:04,656 - WARNING - GPS fix type 1 is not valid (need >= 2)
2025-07-31 01:14:04,753 - WARNING - GPS fix type 1 is not valid (need >= 2)
2025-07-31 01:14:04,905 - ERROR - Error getting location: device reports readiness to read but returned no data (device disconnected or multiple access on port?)
2025-07-31 01:14:04,906 - ERROR - Error getting location: device reports readiness to read but returned no data (device disconnected or multiple access on port?)
2025-07-31 01:14:06,022 - WARNING - GPS fix type 1 is not valid (need >= 2)
2025-07-31 01:14:06,128 - WARNING - GPS fix type 1 is not valid (need >= 2)
2025-07-31 01:14:06,233 - WARNING - GPS fix type 1 is not valid (need >= 2)
2025-07-31 01:14:06,337 - WARNING - GPS fix type 1 is not valid (need >= 2)
2025-07-31 01:14:06,339 - WARNING - GPS fix type 1 is not valid (need >= 2)
2025-07-31 01:14:06,441 - WARNING - GPS fix type 1 is not valid (need >= 2)
2025-07-31 01:14:06,633 - WARNING - GPS fix type 1 is not valid (need >= 2)
2025-07-31 01:14:06,742 - WARNING - GPS fix type 1 is not valid (need >= 2)
2025-07-31 01:14:06,745 - WARNING - GPS fix type 1 is not valid (need >= 2)
2025-07-31 01:14:06,846 - WARNING - GPS fix type 1 is not valid (need >= 2)
2025-07-31 01:14:06,976 - WARNING - GPS fix type 1 is not valid (need >= 2)
2025-07-31 01:14:07,077 - WARNING - No valid GPS data received after trying multiple message types
2025-07-31 01:14:07,187 - WARNING - GPS fix type 1 is not valid (need >= 2)
2025-07-31 01:14:07,293 - WARNING - GPS fix type 1 is not valid (need >= 2)
2025-07-31 01:14:07,403 - WARNING - GPS fix type 1 is not valid (need >= 2)
2025-07-31 01:14:07,506 - WARNING - GPS fix type 1 is not valid (need >= 2)
2025-07-31 01:14:07,622 - WARNING - GPS fix type 1 is not valid (need >= 2)
2025-07-31 01:14:07,728 - WARNING - GPS fix type 1 is not valid (need >= 2)
2025-07-31 01:14:07,842 - WARNING - GPS fix type 1 is not valid (need >= 2)
2025-07-31 01:14:07,843 - WARNING - GPS fix type 1 is not valid (need >= 2)
2025-07-31 01:14:07,947 - WARNING - GPS fix type 1 is not valid (need >= 2)
2025-07-31 01:14:08,063 - WARNING - GPS fix type 1 is not valid (need >= 2)
2025-07-31 01:14:08,171 - ERROR - Error getting location: device reports readiness to read but returned no data (device disconnected or multiple access on port?)
2025-07-31 01:14:08,172 - WARNING - No battery data available, using default 100%
2025-07-31 01:14:08,172 - WARNING - No battery data available, using default 100%
2025-07-31 01:14:08,503 - ERROR - Error getting location: device reports readiness to read but returned no data (device disconnected or multiple access on port?)
2025-07-31 01:14:08,503 - WARNING - No battery data available, using default 100%
2025-07-31 01:14:08,504 - WARNING - No battery data available, using default 100%
2025-07-31 01:14:08,607 - WARNING - GPS fix type 1 is not valid (need >= 2)
2025-07-31 01:14:08,953 - WARNING - GPS fix type 1 is not valid (need >= 2)
2025-07-31 01:14:09,075 - WARNING - GPS fix type 1 is not valid (need >= 2)
2025-07-31 01:14:09,183 - WARNING - GPS fix type 1 is not valid (need >= 2)
2025-07-31 01:14:09,290 - WARNING - GPS fix type 1 is not valid (need >= 2)
2025-07-31 01:14:09,475 - WARNING - GPS fix type 1 is not valid (need >= 2)
2025-07-31 01:14:09,592 - WARNING - GPS fix type 1 is not valid (need >= 2)
2025-07-31 01:14:09,698 - WARNING - GPS fix type 1 is not valid (need >= 2)
2025-07-31 01:14:09,805 - WARNING - GPS fix type 1 is not valid (need >= 2)
2025-07-31 01:14:09,912 - WARNING - GPS fix type 1 is not valid (need >= 2)
2025-07-31 01:14:10,016 - WARNING - GPS fix type 1 is not valid (need >= 2)
2025-07-31 01:14:10,099 - INFO - 127.0.0.1 - - [2025-07-31 01:14:10] "GET / HTTP/1.1" 200 25497 0.000962
2025-07-31 01:14:10,130 - WARNING - GPS fix type 1 is not valid (need >= 2)
2025-07-31 01:14:10,233 - WARNING - GPS fix type 1 is not valid (need >= 2)
2025-07-31 01:14:10,334 - WARNING - GPS fix type 1 is not valid (need >= 2)
2025-07-31 01:14:10,466 - WARNING - GPS fix type 1 is not valid (need >= 2)
2025-07-31 01:14:12,679 - INFO - 127.0.0.1 - - [2025-07-31 01:14:12] "GET /request-blood HTTP/1.1" 200 26415 0.010261
2025-07-31 01:14:12,730 - WARNING - No valid GPS data received after trying multiple message types
2025-07-31 01:14:12,733 - INFO - Battery level: -1%
2025-07-31 01:14:12,733 - INFO - Battery level: -1%
2025-07-31 01:14:13,877 - INFO - 127.0.0.1 - - [2025-07-31 01:14:13] "GET / HTTP/1.1" 200 25497 0.000989
2025-07-31 01:14:36,828 - INFO - 127.0.0.1 - - [2025-07-31 01:14:36] "GET /drone-status HTTP/1.1" 200 49030 0.006670
2025-07-31 01:14:36,944 - INFO - 127.0.0.1 - - [2025-07-31 01:14:36] "GET /socket.io/?EIO=4&transport=polling&t=PXSL2m5 HTTP/1.1" 200 254 0.000462
2025-07-31 01:14:37,069 - INFO - 127.0.0.1 - - [2025-07-31 01:14:37] "GET /socket.io/?EIO=4&transport=polling&t=PXSL2nQ&sid=QC_V17tasszA293OAAAE HTTP/1.1" 200 157 0.005017
2025-07-31 01:14:37,147 - INFO - Connected to drone
2025-07-31 01:14:37,154 - INFO - 127.0.0.1 - - [2025-07-31 01:14:37] "GET /socket.io/?EIO=4&transport=polling&t=PXSL2oV&sid=QC_V17tasszA293OAAAE HTTP/1.1" 200 157 0.000985
2025-07-31 01:14:37,196 - INFO - 127.0.0.1 - - [2025-07-31 01:14:37] "GET /socket.io/?EIO=4&transport=polling&t=PXSL2q5&sid=QC_V17tasszA293OAAAE HTTP/1.1" 200 157 0.001038
2025-07-31 01:14:38,166 - WARNING - GPS fix type 1 is not valid (need >= 2)
2025-07-31 01:14:38,268 - WARNING - GPS fix type 1 is not valid (need >= 2)
2025-07-31 01:14:38,370 - WARNING - GPS fix type 1 is not valid (need >= 2)
2025-07-31 01:14:38,471 - WARNING - GPS fix type 1 is not valid (need >= 2)
2025-07-31 01:14:38,575 - WARNING - GPS fix type 1 is not valid (need >= 2)
2025-07-31 01:14:38,680 - WARNING - GPS fix type 1 is not valid (need >= 2)
2025-07-31 01:14:38,781 - WARNING - GPS fix type 1 is not valid (need >= 2)
2025-07-31 01:14:38,826 - INFO - 127.0.0.1 - - [2025-07-31 01:14:38] "GET / HTTP/1.1" 200 25497 0.001392
2025-07-31 01:14:38,883 - WARNING - GPS fix type 1 is not valid (need >= 2)
2025-07-31 01:14:38,986 - WARNING - GPS fix type 1 is not valid (need >= 2)
2025-07-31 01:14:39,088 - WARNING - GPS fix type 1 is not valid (need >= 2)
2025-07-31 01:14:39,194 - WARNING - GPS fix type 1 is not valid (need >= 2)
2025-07-31 01:14:39,301 - WARNING - GPS fix type 1 is not valid (need >= 2)
2025-07-31 01:14:39,406 - WARNING - GPS fix type 1 is not valid (need >= 2)
2025-07-31 01:14:39,670 - WARNING - GPS fix type 1 is not valid (need >= 2)
2025-07-31 01:14:39,828 - WARNING - GPS fix type 1 is not valid (need >= 2)
2025-07-31 01:14:39,936 - WARNING - GPS fix type 1 is not valid (need >= 2)
2025-07-31 01:14:40,069 - WARNING - GPS fix type 1 is not valid (need >= 2)
2025-07-31 01:14:40,171 - WARNING - GPS fix type 1 is not valid (need >= 2)
2025-07-31 01:14:40,275 - WARNING - GPS fix type 1 is not valid (need >= 2)
2025-07-31 01:14:40,379 - WARNING - GPS fix type 1 is not valid (need >= 2)
2025-07-31 01:14:43,030 - WARNING - No valid GPS data received after trying multiple message types
2025-07-31 01:14:43,031 - INFO - Battery level: -1%
2025-07-31 01:14:43,031 - INFO - 127.0.0.1 - - [2025-07-31 01:14:43] "POST /socket.io/?EIO=4&transport=polling&t=PXSL2nP&sid=QC_V17tasszA293OAAAE HTTP/1.1" 200 195 6.009797
2025-07-31 01:18:44,685 - INFO -  * Restarting with stat
2025-07-31 01:18:47,845 - WARNING -  * Debugger is active!
2025-07-31 01:18:47,861 - INFO -  * Debugger PIN: 101-589-293
2025-07-31 01:19:08,522 - INFO - 127.0.0.1 - - [2025-07-31 01:19:08] "GET /request-blood HTTP/1.1" 200 26415 0.075370
2025-07-31 01:19:19,385 - INFO - 127.0.0.1 - - [2025-07-31 01:19:19] "GET /update-inventory HTTP/1.1" 200 25077 0.007082
2025-07-31 01:19:26,938 - INFO - 127.0.0.1 - - [2025-07-31 01:19:26] "GET /view-database HTTP/1.1" 200 89035 0.023430
2025-07-31 01:19:58,776 - INFO - 127.0.0.1 - - [2025-07-31 01:19:58] "GET /drone-status HTTP/1.1" 200 49030 0.010531
2025-07-31 01:19:58,899 - INFO - 127.0.0.1 - - [2025-07-31 01:19:58] "GET /socket.io/?EIO=4&transport=polling&t=PXSMHMl HTTP/1.1" 200 254 0.000991
2025-07-31 01:19:59,059 - INFO - 127.0.0.1 - - [2025-07-31 01:19:59] "GET /socket.io/?EIO=4&transport=polling&t=PXSMHNp&sid=oMRHVbOE0XQlq15LAAAA HTTP/1.1" 200 157 0.070102
2025-07-31 01:19:59,060 - INFO - Connected to drone
2025-07-31 01:20:00,066 - WARNING - GPS fix type 1 is not valid (need >= 2)
2025-07-31 01:20:00,171 - WARNING - GPS fix type 1 is not valid (need >= 2)
2025-07-31 01:20:00,276 - WARNING - GPS fix type 1 is not valid (need >= 2)
2025-07-31 01:20:00,405 - WARNING - GPS fix type 1 is not valid (need >= 2)
2025-07-31 01:20:00,559 - WARNING - GPS fix type 1 is not valid (need >= 2)
2025-07-31 01:20:00,667 - WARNING - GPS fix type 1 is not valid (need >= 2)
2025-07-31 01:20:00,779 - WARNING - GPS fix type 1 is not valid (need >= 2)
2025-07-31 01:20:00,884 - WARNING - GPS fix type 1 is not valid (need >= 2)
2025-07-31 01:20:00,988 - WARNING - GPS fix type 1 is not valid (need >= 2)
2025-07-31 01:20:01,093 - WARNING - GPS fix type 1 is not valid (need >= 2)
2025-07-31 01:20:01,200 - WARNING - GPS fix type 1 is not valid (need >= 2)
2025-07-31 01:20:01,302 - WARNING - GPS fix type 1 is not valid (need >= 2)
2025-07-31 01:20:01,412 - WARNING - GPS fix type 1 is not valid (need >= 2)
2025-07-31 01:20:01,522 - WARNING - GPS fix type 1 is not valid (need >= 2)
2025-07-31 01:20:01,625 - WARNING - GPS fix type 1 is not valid (need >= 2)
2025-07-31 01:20:01,732 - WARNING - GPS fix type 1 is not valid (need >= 2)
2025-07-31 01:20:01,835 - WARNING - GPS fix type 1 is not valid (need >= 2)
2025-07-31 01:20:01,941 - WARNING - GPS fix type 1 is not valid (need >= 2)
2025-07-31 01:20:02,047 - WARNING - GPS fix type 1 is not valid (need >= 2)
2025-07-31 01:20:02,241 - WARNING - GPS fix type 1 is not valid (need >= 2)
2025-07-31 01:20:04,571 - WARNING - No valid GPS data received after trying multiple message types
2025-07-31 01:20:04,576 - INFO - Battery level: -1%
2025-07-31 01:20:04,579 - INFO - 127.0.0.1 - - [2025-07-31 01:20:04] "POST /socket.io/?EIO=4&transport=polling&t=PXSMHNn&sid=oMRHVbOE0XQlq15LAAAA HTTP/1.1" 200 195 5.613631
2025-07-31 01:20:05,117 - INFO - 127.0.0.1 - - [2025-07-31 01:20:05] "GET /manage-hospitals HTTP/1.1" 200 36868 0.006496
2025-07-31 01:20:05,919 - WARNING - GPS fix type 1 is not valid (need >= 2)
2025-07-31 01:20:06,029 - WARNING - GPS fix type 1 is not valid (need >= 2)
2025-07-31 01:20:06,132 - WARNING - GPS fix type 1 is not valid (need >= 2)
2025-07-31 01:20:06,236 - WARNING - GPS fix type 1 is not valid (need >= 2)
2025-07-31 01:20:06,344 - WARNING - GPS fix type 1 is not valid (need >= 2)
2025-07-31 01:20:06,449 - WARNING - GPS fix type 1 is not valid (need >= 2)
2025-07-31 01:20:06,556 - WARNING - GPS fix type 1 is not valid (need >= 2)
2025-07-31 01:20:06,663 - WARNING - GPS fix type 1 is not valid (need >= 2)
2025-07-31 01:20:06,770 - WARNING - GPS fix type 1 is not valid (need >= 2)
2025-07-31 01:20:06,883 - WARNING - GPS fix type 1 is not valid (need >= 2)
2025-07-31 01:20:06,989 - WARNING - GPS fix type 1 is not valid (need >= 2)
2025-07-31 01:20:07,100 - WARNING - GPS fix type 1 is not valid (need >= 2)
2025-07-31 01:20:07,207 - WARNING - GPS fix type 1 is not valid (need >= 2)
2025-07-31 01:20:07,315 - WARNING - GPS fix type 1 is not valid (need >= 2)
2025-07-31 01:20:07,436 - WARNING - GPS fix type 1 is not valid (need >= 2)
2025-07-31 01:20:07,541 - WARNING - GPS fix type 1 is not valid (need >= 2)
2025-07-31 01:20:07,643 - WARNING - GPS fix type 1 is not valid (need >= 2)
2025-07-31 01:20:07,748 - WARNING - GPS fix type 1 is not valid (need >= 2)
2025-07-31 01:20:07,853 - WARNING - GPS fix type 1 is not valid (need >= 2)
2025-07-31 01:20:07,955 - WARNING - GPS fix type 1 is not valid (need >= 2)
2025-07-31 01:20:10,282 - WARNING - No valid GPS data received after trying multiple message types
2025-07-31 01:20:11,293 - WARNING - GPS fix type 1 is not valid (need >= 2)
2025-07-31 01:20:11,398 - WARNING - GPS fix type 1 is not valid (need >= 2)
2025-07-31 01:20:11,503 - WARNING - GPS fix type 1 is not valid (need >= 2)
2025-07-31 01:20:11,606 - WARNING - GPS fix type 1 is not valid (need >= 2)
2025-07-31 01:20:11,711 - WARNING - GPS fix type 1 is not valid (need >= 2)
2025-07-31 01:20:11,817 - WARNING - GPS fix type 1 is not valid (need >= 2)
2025-07-31 01:20:11,922 - WARNING - GPS fix type 1 is not valid (need >= 2)
2025-07-31 01:20:12,026 - WARNING - GPS fix type 1 is not valid (need >= 2)
2025-07-31 01:20:12,132 - WARNING - GPS fix type 1 is not valid (need >= 2)
2025-07-31 01:20:12,236 - WARNING - GPS fix type 1 is not valid (need >= 2)
2025-07-31 01:20:12,341 - WARNING - GPS fix type 1 is not valid (need >= 2)
2025-07-31 01:20:12,446 - WARNING - GPS fix type 1 is not valid (need >= 2)
2025-07-31 01:20:12,549 - WARNING - GPS fix type 1 is not valid (need >= 2)
2025-07-31 01:20:12,655 - WARNING - GPS fix type 1 is not valid (need >= 2)
2025-07-31 01:20:12,760 - WARNING - GPS fix type 1 is not valid (need >= 2)
2025-07-31 01:20:12,865 - WARNING - GPS fix type 1 is not valid (need >= 2)
2025-07-31 01:20:12,971 - WARNING - GPS fix type 1 is not valid (need >= 2)
2025-07-31 01:20:13,076 - WARNING - GPS fix type 1 is not valid (need >= 2)
2025-07-31 01:20:13,182 - WARNING - GPS fix type 1 is not valid (need >= 2)
2025-07-31 01:20:13,284 - WARNING - GPS fix type 1 is not valid (need >= 2)
2025-07-31 01:20:15,520 - WARNING - No valid GPS data received after trying multiple message types
2025-07-31 01:20:15,523 - INFO - Battery level: -1%
2025-07-31 01:20:15,528 - INFO - Battery level: -1%
2025-07-31 01:55:35,962 - INFO - 127.0.0.1 - - [2025-07-31 01:55:35] "GET / HTTP/1.1" 200 25355 0.035134
2025-07-31 01:55:54,924 - INFO - 127.0.0.1 - - [2025-07-31 01:55:54] "GET /request-blood HTTP/1.1" 200 26342 0.025399
2025-07-31 01:55:55,875 - INFO - 127.0.0.1 - - [2025-07-31 01:55:55] "GET / HTTP/1.1" 200 25355 0.000801
2025-07-31 01:56:01,712 - INFO - 127.0.0.1 - - [2025-07-31 01:56:01] "GET /request-blood HTTP/1.1" 200 26342 0.003745
2025-07-31 01:56:55,006 - INFO - 127.0.0.1 - - [2025-07-31 01:56:55] "GET / HTTP/1.1" 200 25355 0.018515
2025-07-31 02:02:41,503 - INFO - 127.0.0.1 - - [2025-07-31 02:02:41] "GET / HTTP/1.1" 200 25515 0.018456
2025-07-31 02:02:51,441 - INFO - 127.0.0.1 - - [2025-07-31 02:02:51] "GET /view-database HTTP/1.1" 200 89013 0.031906
2025-07-31 02:03:01,827 - INFO - 127.0.0.1 - - [2025-07-31 02:03:01] "GET /request-blood HTTP/1.1" 200 25171 0.007151
2025-07-31 02:03:07,309 - INFO - 127.0.0.1 - - [2025-07-31 02:03:07] "GET / HTTP/1.1" 200 25515 0.001222
2025-07-31 02:03:10,316 - INFO - 127.0.0.1 - - [2025-07-31 02:03:10] "GET /drone-status HTTP/1.1" 200 48924 0.006923
2025-07-31 02:03:10,514 - INFO - 127.0.0.1 - - [2025-07-31 02:03:10] "GET /socket.io/?EIO=4&transport=polling&t=PXSWA4O HTTP/1.1" 200 254 0.001914
2025-07-31 02:03:10,596 - ERROR - Failed to connect to drone: [Errno 2] could not open port /dev/tty.usbmodem14203: [Errno 2] No such file or directory: '/dev/tty.usbmodem14203'
2025-07-31 02:03:10,597 - INFO - 127.0.0.1 - - [2025-07-31 02:03:10] "POST /socket.io/?EIO=4&transport=polling&t=PXSWA5f&sid=AJ33EOhTzaJoWItUAAAA HTTP/1.1" 200 195 0.024060
2025-07-31 02:03:10,605 - INFO - 127.0.0.1 - - [2025-07-31 02:03:10] "GET /socket.io/?EIO=4&transport=polling&t=PXSWA5g&sid=AJ33EOhTzaJoWItUAAAA HTTP/1.1" 200 157 0.000523
2025-07-31 02:03:10,697 - INFO - 127.0.0.1 - - [2025-07-31 02:03:10] "GET /socket.io/?EIO=4&transport=polling&t=PXSWA7a&sid=AJ33EOhTzaJoWItUAAAA HTTP/1.1" 200 157 0.000355
2025-07-31 02:03:10,891 - INFO - 127.0.0.1 - - [2025-07-31 02:03:10] "GET /socket.io/?EIO=4&transport=polling&t=PXSWA9U&sid=AJ33EOhTzaJoWItUAAAA HTTP/1.1" 200 157 0.000933
2025-07-31 02:03:10,982 - INFO - 127.0.0.1 - - [2025-07-31 02:03:10] "GET /socket.io/?EIO=4&transport=polling&t=PXSWABl&sid=AJ33EOhTzaJoWItUAAAA HTTP/1.1" 200 157 0.000394
2025-07-31 02:03:44,699 - INFO - 127.0.0.1 - - [2025-07-31 02:03:44] "GET / HTTP/1.1" 200 25515 0.000679
2025-07-31 02:07:02,554 - INFO - 127.0.0.1 - - [2025-07-31 02:07:02] "GET / HTTP/1.1" 200 25438 0.016415
2025-07-31 02:07:09,062 - INFO - 127.0.0.1 - - [2025-07-31 02:07:09] "GET /request-blood HTTP/1.1" 200 25171 0.004462
2025-07-31 02:07:11,352 - INFO - 127.0.0.1 - - [2025-07-31 02:07:11] "GET /drone-status HTTP/1.1" 200 48950 0.007341
2025-07-31 02:07:11,461 - INFO - 127.0.0.1 - - [2025-07-31 02:07:11] "GET /socket.io/?EIO=4&transport=polling&t=PXSX4vW HTTP/1.1" 200 254 0.001558
2025-07-31 02:07:11,548 - ERROR - Failed to connect to drone: [Errno 2] could not open port /dev/tty.usbmodem14203: [Errno 2] No such file or directory: '/dev/tty.usbmodem14203'
2025-07-31 02:07:11,549 - INFO - 127.0.0.1 - - [2025-07-31 02:07:11] "POST /socket.io/?EIO=4&transport=polling&t=PXSX4wY&sid=PFB786nYGzcWoUvsAAAA HTTP/1.1" 200 195 0.014481
2025-07-31 02:07:11,556 - INFO - 127.0.0.1 - - [2025-07-31 02:07:11] "GET /socket.io/?EIO=4&transport=polling&t=PXSX4wa&sid=PFB786nYGzcWoUvsAAAA HTTP/1.1" 200 157 0.000658
2025-07-31 02:07:11,611 - INFO - 127.0.0.1 - - [2025-07-31 02:07:11] "GET /socket.io/?EIO=4&transport=polling&t=PXSX4xp&sid=PFB786nYGzcWoUvsAAAA HTTP/1.1" 200 157 0.000322
2025-07-31 02:07:11,710 - INFO - 127.0.0.1 - - [2025-07-31 02:07:11] "GET /socket.io/?EIO=4&transport=polling&t=PXSX4z6&sid=PFB786nYGzcWoUvsAAAA HTTP/1.1" 200 157 0.000258
2025-07-31 02:07:11,803 - INFO - 127.0.0.1 - - [2025-07-31 02:07:11] "GET /socket.io/?EIO=4&transport=polling&t=PXSX4-l&sid=PFB786nYGzcWoUvsAAAA HTTP/1.1" 200 157 0.000908
2025-07-31 02:07:11,870 - INFO - 127.0.0.1 - - [2025-07-31 02:07:11] "GET /socket.io/?EIO=4&transport=polling&t=PXSX4_c&sid=PFB786nYGzcWoUvsAAAA HTTP/1.1" 200 157 0.000672
2025-07-31 02:07:33,941 - INFO - 127.0.0.1 - - [2025-07-31 02:07:33] "GET / HTTP/1.1" 200 25438 0.000908
2025-07-31 02:09:53,493 - INFO - 127.0.0.1 - - [2025-07-31 02:09:53] "GET / HTTP/1.1" 200 25182 0.018249
2025-07-31 02:10:03,587 - INFO - 127.0.0.1 - - [2025-07-31 02:10:03] "GET /request-blood HTTP/1.1" 200 25171 0.004304
2025-07-31 02:10:04,582 - INFO - 127.0.0.1 - - [2025-07-31 02:10:04] "GET /update-inventory HTTP/1.1" 200 25031 0.016295
2025-07-31 02:10:08,150 - INFO - 127.0.0.1 - - [2025-07-31 02:10:08] "GET /view-database HTTP/1.1" 200 89013 0.025708
2025-07-31 02:10:11,671 - INFO - 127.0.0.1 - - [2025-07-31 02:10:11] "GET /manage-hospitals HTTP/1.1" 200 36794 0.007653
